<?xml version="1.0" encoding="UTF-8"?>
<testsuite name="com.moodanalyser.MoodAnalyserTest" tests="1" skipped="1" failures="0" errors="0" timestamp="2019-11-26T06:15:03" hostname="bridgelabz" time="86.578">
  <properties/>
  <testcase name="givenMood_whenPassedEmptyString_shouldThrowEmptyStringException" classname="com.moodanalyser.MoodAnalyserTest" time="86.578">
    <skipped/>
  </testcase>
  <system-out><![CDATA[]]></system-out>
  <system-err><![CDATA[]]></system-err>
</testsuite>
