<?xml version="1.0" encoding="UTF-8"?>
<<<<<<< HEAD
<testsuite name="com.moodanalyser.MoodAnalyserTest" tests="2" skipped="0" failures="0" errors="0" timestamp="2019-11-26T04:43:18" hostname="bridgelabz" time="0.001">
=======
<testsuite name="com.moodanalyser.MoodAnalyserTest" tests="1" skipped="0" failures="0" errors="0" timestamp="2019-11-26T04:52:23" hostname="bridgelabz" time="0.001">
>>>>>>> case1_methodToCheckMood
  <properties/>
  <testcase name="givenMood_whenHappy_shouldReturnTrue" classname="com.moodanalyser.MoodAnalyserTest" time="0.001"/>
  <system-out><![CDATA[]]></system-out>
  <system-err><![CDATA[]]></system-err>
</testsuite>
